<?xml version="1.0" encoding="UTF-8"?>
<testng-results ignored="0" total="2" passed="2" failed="0" skipped="0">
  <reporter-output>
  </reporter-output>
  <suite started-at="2024-04-10T11:34:30 IST" name="Surefire suite" finished-at="2024-04-10T11:34:36 IST" duration-ms="6155">
    <groups>
    </groups>
    <test started-at="2024-04-10T11:34:30 IST" name="Surefire test" finished-at="2024-04-10T11:34:36 IST" duration-ms="6155">
      <class name="Tests.TestMethods">
        <test-method is-config="true" signature="beforeTest()[pri:0, instance:Tests.TestMethods@6cd28fa7]" started-at="2024-04-10T11:34:30 IST" name="beforeTest" finished-at="2024-04-10T11:34:33 IST" duration-ms="2949" status="PASS">
          <reporter-output>
          </reporter-output>
        </test-method> <!-- beforeTest -->
        <test-method signature="openGoogle()[pri:0, instance:Tests.TestMethods@6cd28fa7]" started-at="2024-04-10T11:34:33 IST" name="openGoogle" finished-at="2024-04-10T11:34:35 IST" duration-ms="2610" status="PASS">
          <reporter-output>
          </reporter-output>
        </test-method> <!-- openGoogle -->
        <test-method signature="searchGoogle()[pri:1, instance:Tests.TestMethods@6cd28fa7]" started-at="2024-04-10T11:34:35 IST" name="searchGoogle" finished-at="2024-04-10T11:34:36 IST" duration-ms="225" status="PASS">
          <reporter-output>
          </reporter-output>
        </test-method> <!-- searchGoogle -->
        <test-method is-config="true" signature="tearDown()[pri:0, instance:Tests.TestMethods@6cd28fa7]" started-at="2024-04-10T11:34:36 IST" name="tearDown" finished-at="2024-04-10T11:34:36 IST" duration-ms="299" status="PASS">
          <reporter-output>
          </reporter-output>
        </test-method> <!-- tearDown -->
      </class> <!-- Tests.TestMethods -->
    </test> <!-- Surefire test -->
  </suite> <!-- Surefire suite -->
</testng-results>
