<?xml version="1.0" encoding="UTF-8"?>
<testng-results ignored="0" total="2" passed="2" failed="0" skipped="0">
  <reporter-output>
  </reporter-output>
  <suite started-at="2024-04-10T12:32:13 IST" name="Suite" finished-at="2024-04-10T12:32:29 IST" duration-ms="16016">
    <groups>
    </groups>
    <test started-at="2024-04-10T12:32:13 IST" name="Test" finished-at="2024-04-10T12:32:29 IST" duration-ms="16016">
      <class name="Tests.TestMethods">
        <test-method is-config="true" signature="beforeTest()[pri:0, instance:Tests.TestMethods@7ce69770]" started-at="2024-04-10T12:32:13 IST" name="beforeTest" finished-at="2024-04-10T12:32:17 IST" duration-ms="3258" status="PASS">
          <reporter-output>
          </reporter-output>
        </test-method> <!-- beforeTest -->
        <test-method signature="openGoogle()[pri:0, instance:Tests.TestMethods@7ce69770]" started-at="2024-04-10T12:32:17 IST" name="openGoogle" finished-at="2024-04-10T12:32:21 IST" duration-ms="4570" status="PASS">
          <reporter-output>
          </reporter-output>
        </test-method> <!-- openGoogle -->
        <test-method signature="searchGoogle()[pri:1, instance:Tests.TestMethods@7ce69770]" started-at="2024-04-10T12:32:21 IST" name="searchGoogle" finished-at="2024-04-10T12:32:26 IST" duration-ms="4629" status="PASS">
          <reporter-output>
          </reporter-output>
        </test-method> <!-- searchGoogle -->
        <test-method is-config="true" signature="tearDown()[pri:0, instance:Tests.TestMethods@7ce69770]" started-at="2024-04-10T12:32:26 IST" name="tearDown" finished-at="2024-04-10T12:32:29 IST" duration-ms="3485" status="PASS">
          <reporter-output>
          </reporter-output>
        </test-method> <!-- tearDown -->
      </class> <!-- Tests.TestMethods -->
    </test> <!-- Test -->
  </suite> <!-- Suite -->
</testng-results>
